D:\WORK\TPLC2302\WIN32\DEBUG\WIN32.EXE
D:\WORK\TPLC2302\WIN32\DEBUG\WIN32.ILK
D:\WORK\TPLC2302\WIN32\DEBUG\WIN32.PDB
D:\WORK\TPLC2302\WIN32\WIN32\DEBUG\.NETFRAMEWORK,VERSION=V4.0.ASSEMBLYATTRIBUTES.OBJ
D:\WORK\TPLC2302\WIN32\WIN32\DEBUG\APP.RES
D:\WORK\TPLC2302\WIN32\WIN32\DEBUG\ASSEMBLYINFO.OBJ
D:\work\tplc2302\Win32\Win32\Debug\cl.command.1.tlog
D:\work\tplc2302\Win32\Win32\Debug\CL.read.1.tlog
D:\work\tplc2302\Win32\Win32\Debug\CL.write.1.tlog
D:\work\tplc2302\Win32\Win32\Debug\GenerateResource.read.1.tlog
D:\work\tplc2302\Win32\Win32\Debug\GenerateResource.write.1.tlog
D:\work\tplc2302\Win32\Win32\Debug\link.6920.read.1.tlog
D:\work\tplc2302\Win32\Win32\Debug\link.6920.write.1.tlog
D:\work\tplc2302\Win32\Win32\Debug\link.6920-cvtres.read.1.tlog
D:\work\tplc2302\Win32\Win32\Debug\link.6920-cvtres.write.1.tlog
D:\work\tplc2302\Win32\Win32\Debug\link.command.1.tlog
D:\work\tplc2302\Win32\Win32\Debug\link.read.1.tlog
D:\work\tplc2302\Win32\Win32\Debug\link.write.1.tlog
D:\work\tplc2302\Win32\Win32\Debug\mt.command.1.tlog
D:\work\tplc2302\Win32\Win32\Debug\mt.read.1.tlog
D:\work\tplc2302\Win32\Win32\Debug\mt.write.1.tlog
D:\work\tplc2302\Win32\Win32\Debug\rc.command.1.tlog
D:\work\tplc2302\Win32\Win32\Debug\rc.read.1.tlog
D:\work\tplc2302\Win32\Win32\Debug\rc.write.1.tlog
D:\WORK\TPLC2302\WIN32\WIN32\DEBUG\STDAFX.OBJ
D:\WORK\TPLC2302\WIN32\WIN32\DEBUG\VC100.PDB
D:\WORK\TPLC2302\WIN32\WIN32\DEBUG\WIN32.EXE.INTERMEDIATE.MANIFEST
D:\WORK\TPLC2302\WIN32\WIN32\DEBUG\WIN32.FORM1.RESOURCES
D:\WORK\TPLC2302\WIN32\WIN32\DEBUG\WIN32.OBJ
D:\WORK\TPLC2302\WIN32\WIN32\DEBUG\WIN32.PCH
D:\work\tplc2302\Win32\Win32\Debug\Win32.write.1.tlog
